<?xml version="1.0" encoding="UTF-8"?>
<!-- Generated by org.testng.reporters.JUnitXMLReporter -->
<testsuite ignored="0" hostname="DESKTOP-I85STP7" failures="3" tests="9" name="Test" time="100.73" errors="0" timestamp="2023-07-21T11:56:35 ICT">
  <testcase classname="test_cases.TC001_Sort_By" name="sortByName" time="1.954"/>
  <testcase classname="test_cases.TC002_Compare_price" name="comparePrice" time="3.198"/>
  <testcase classname="test_cases.TC003_Check_quantity" name="checkQuantity" time="4.086">
    <failure type="java.lang.AssertionError" message="The following asserts failed:
	Error message is not right! expected [The request quantity for &amp;quot;Sony Xperia&amp;quot; is not available.] but found [* The maximum quantity allowed for purchase is 500.]">
      <![CDATA[java.lang.AssertionError: The following asserts failed:
Error message is not right! expected [The request quantity for "Sony Xperia" is not available.] but found [* The maximum quantity allowed for purchase is 500.]
at test_cases.TC003_Check_quantity.checkQuantity(TC003_Check_quantity.java:31)
at java.base/java.util.ArrayList.forEach(ArrayList.java:1511)
... Removed 29 stack frames]]>
    </failure>
  </testcase> <!-- checkQuantity -->
  <testcase classname="test_cases.TC004_Multi_Windows" name="comparePhones" time="6.075"/>
  <testcase classname="test_cases.TC005_Account_Creation" name="accountCreation" time="6.829"/>
  <testcase classname="test_cases.TC006_Purchase_Products" name="purchaseProducts" time="12.296"/>
  <testcase classname="test_cases.TC007_PDF" name="printAsPDF" time="10.946">
    <failure type="java.lang.AssertionError" message="My orders link can not be clicked!">
      <![CDATA[java.lang.AssertionError: My orders link can not be clicked!
at pages.MyAccountPage.clickMyOrdersLink(MyAccountPage.java:114)
at test_cases.TC007_PDF.printAsPDF(TC007_PDF.java:20)
at java.base/java.util.ArrayList.forEach(ArrayList.java:1511)
... Removed 28 stack frames]]>
    </failure>
  </testcase> <!-- printAsPDF -->
  <testcase classname="test_cases.TC008_Re_Order" name="reorder" time="8.747"/>
  <testcase classname="test_cases.TC009_Discount_Coupon" name="discount" time="2.354">
    <failure type="java.lang.AssertionError" message="expected [$475.00] but found [$500.00]">
      <![CDATA[java.lang.AssertionError: expected [$475.00] but found [$500.00]
at test_cases.TC009_Discount_Coupon.discount(TC009_Discount_Coupon.java:21)
at java.base/java.util.ArrayList.forEach(ArrayList.java:1511)
... Removed 33 stack frames]]>
    </failure>
  </testcase> <!-- discount -->
</testsuite> <!-- Test -->
